生成启动时间为 2017/3/6 1:16:34。
     1>项目“D:\Git\NuGet_ProGet\DllRef\MyMathRef\MyMathRef.vcxproj”在节点 2 上(rebuild 个目标)。
     1>_PrepareForClean:
         正在删除文件“Debug\MyMathRef.lastbuildstate”。
       InitializeBuildStatus:
         正在创建“Debug\MyMathRef.unsuccessfulbuild”，因为已指定“AlwaysCreate”。
       ClCompile:
         C:\Program Files (x86)\Microsoft Visual Studio 10.0\VC\bin\CL.exe /c /ID:\Git\NuGet_ProGet\DllRef\MyMath\MyDLL /ZI /nologo /W3 /WX- /Od /Oy- /D WIN32 /D _DEBUG /D _CONSOLE /D _UNICODE /D UNICODE /Gm /EHsc /RTC1 /MDd /GS /fp:precise /Zc:wchar_t /Zc:forScope /Fo"Debug\\" /Fd"Debug\vc100.pdb" /Gd /TP /analyze- /errorReport:prompt MyMathRef.cpp stdafx.cpp
         stdafx.cpp
         MyMathRef.cpp
         正在生成代码...
       ManifestResourceCompile:
         C:\Program Files (x86)\Microsoft SDKs\Windows\v7.0A\bin\rc.exe /nologo /fo"Debug\MyMathRef.exe.embed.manifest.res" Debug\MyMathRef_manifest.rc 
       Link:
         C:\Program Files (x86)\Microsoft Visual Studio 10.0\VC\bin\link.exe /ERRORREPORT:PROMPT /OUT:"D:\Git\NuGet_ProGet\DllRef\MyMath\Debug\MyMathRef.exe" /INCREMENTAL /NOLOGO kernel32.lib user32.lib gdi32.lib winspool.lib comdlg32.lib advapi32.lib shell32.lib ole32.lib oleaut32.lib uuid.lib odbc32.lib odbccp32.lib /MANIFEST /ManifestFile:"Debug\MyMathRef.exe.intermediate.manifest" /MANIFESTUAC:"level='asInvoker' uiAccess='false'" /DEBUG /PDB:"D:\Git\NuGet_ProGet\DllRef\MyMath\Debug\MyMathRef.pdb" /SUBSYSTEM:CONSOLE /TLBID:1 /DYNAMICBASE /NXCOMPAT /IMPLIB:"D:\Git\NuGet_ProGet\DllRef\MyMath\Debug\MyMathRef.lib" /MACHINE:X86 Debug\MyMathRef.exe.embed.manifest.res
         Debug\MyMathRef.obj
         Debug\stdafx.obj
         D:\Git\NuGet_ProGet\DllRef\MyMath\Debug\MyDLL.lib
     1>LINK : fatal error LNK1104: 无法打开文件“D:\Git\NuGet_ProGet\DllRef\MyMath\Debug\MyDLL.lib”
     1>已完成生成项目“D:\Git\NuGet_ProGet\DllRef\MyMathRef\MyMathRef.vcxproj”(rebuild 个目标)的操作 - 失败。

生成失败。

已用时间 00:00:00.84
