D:\GIT\NUGET_PROGET\DLLREF\MYMATH\DEBUG\MYMATHREF.EXE
D:\GIT\NUGET_PROGET\DLLREF\MYMATH\DEBUG\MYMATHREF.ILK
D:\GIT\NUGET_PROGET\DLLREF\MYMATH\DEBUG\MYMATHREF.PDB
D:\Git\NuGet_ProGet\DllRef\MyMathRef\Debug\cl.command.1.tlog
D:\Git\NuGet_ProGet\DllRef\MyMathRef\Debug\CL.read.1.tlog
D:\Git\NuGet_ProGet\DllRef\MyMathRef\Debug\CL.write.1.tlog
D:\Git\NuGet_ProGet\DllRef\MyMathRef\Debug\link.10824.read.1.tlog
D:\Git\NuGet_ProGet\DllRef\MyMathRef\Debug\link.10824.write.1.tlog
D:\Git\NuGet_ProGet\DllRef\MyMathRef\Debug\link.10824-cvtres.read.1.tlog
D:\Git\NuGet_ProGet\DllRef\MyMathRef\Debug\link.10824-cvtres.write.1.tlog
D:\Git\NuGet_ProGet\DllRef\MyMathRef\Debug\link.command.1.tlog
D:\Git\NuGet_ProGet\DllRef\MyMathRef\Debug\link.read.1.tlog
D:\Git\NuGet_ProGet\DllRef\MyMathRef\Debug\link.write.1.tlog
D:\Git\NuGet_ProGet\DllRef\MyMathRef\Debug\link-cvtres.read.1.tlog
D:\Git\NuGet_ProGet\DllRef\MyMathRef\Debug\link-cvtres.write.1.tlog
D:\Git\NuGet_ProGet\DllRef\MyMathRef\Debug\mt.command.1.tlog
D:\Git\NuGet_ProGet\DllRef\MyMathRef\Debug\mt.read.1.tlog
D:\Git\NuGet_ProGet\DllRef\MyMathRef\Debug\mt.write.1.tlog
D:\GIT\NUGET_PROGET\DLLREF\MYMATHREF\DEBUG\MYMATHREF.EXE.EMBED.MANIFEST
D:\GIT\NUGET_PROGET\DLLREF\MYMATHREF\DEBUG\MYMATHREF.EXE.EMBED.MANIFEST.RES
D:\GIT\NUGET_PROGET\DLLREF\MYMATHREF\DEBUG\MYMATHREF.EXE.INTERMEDIATE.MANIFEST
D:\GIT\NUGET_PROGET\DLLREF\MYMATHREF\DEBUG\MYMATHREF.OBJ
D:\Git\NuGet_ProGet\DllRef\MyMathRef\Debug\MyMathRef.write.1.tlog
D:\Git\NuGet_ProGet\DllRef\MyMathRef\Debug\MyMathRef_manifest.rc
D:\Git\NuGet_ProGet\DllRef\MyMathRef\Debug\rc.command.1.tlog
D:\Git\NuGet_ProGet\DllRef\MyMathRef\Debug\rc.read.1.tlog
D:\Git\NuGet_ProGet\DllRef\MyMathRef\Debug\rc.write.1.tlog
D:\GIT\NUGET_PROGET\DLLREF\MYMATHREF\DEBUG\STDAFX.OBJ
D:\Git\NuGet_ProGet\DllRef\MyMathRef\Debug\vc100.idb
D:\GIT\NUGET_PROGET\DLLREF\MYMATHREF\DEBUG\VC100.PDB
