D:\GIT\NUGET_PROGET\DLLREF\MYMATH\DEBUG\MYDLL.DLL
D:\Git\NuGet_ProGet\DllRef\MyMath\Debug\MyDLL.exp
D:\GIT\NUGET_PROGET\DLLREF\MYMATH\DEBUG\MYDLL.ILK
D:\Git\NuGet_ProGet\DllRef\MyMath\Debug\MyDLL.lib
D:\GIT\NUGET_PROGET\DLLREF\MYMATH\DEBUG\MYDLL.PDB
D:\Git\NuGet_ProGet\DllRef\MyMath\MyDLL\Debug\cl.command.1.tlog
D:\Git\NuGet_ProGet\DllRef\MyMath\MyDLL\Debug\CL.read.1.tlog
D:\Git\NuGet_ProGet\DllRef\MyMath\MyDLL\Debug\CL.write.1.tlog
D:\GIT\NUGET_PROGET\DLLREF\MYMATH\MYDLL\DEBUG\DLLMAIN.OBJ
D:\Git\NuGet_ProGet\DllRef\MyMath\MyDLL\Debug\link.10272.read.1.tlog
D:\Git\NuGet_ProGet\DllRef\MyMath\MyDLL\Debug\link.10272.write.1.tlog
D:\Git\NuGet_ProGet\DllRef\MyMath\MyDLL\Debug\link.10272-cvtres.read.1.tlog
D:\Git\NuGet_ProGet\DllRef\MyMath\MyDLL\Debug\link.10272-cvtres.write.1.tlog
D:\Git\NuGet_ProGet\DllRef\MyMath\MyDLL\Debug\link.command.1.tlog
D:\Git\NuGet_ProGet\DllRef\MyMath\MyDLL\Debug\link.read.1.tlog
D:\Git\NuGet_ProGet\DllRef\MyMath\MyDLL\Debug\link.write.1.tlog
D:\Git\NuGet_ProGet\DllRef\MyMath\MyDLL\Debug\link-cvtres.read.1.tlog
D:\Git\NuGet_ProGet\DllRef\MyMath\MyDLL\Debug\link-cvtres.write.1.tlog
D:\Git\NuGet_ProGet\DllRef\MyMath\MyDLL\Debug\mt.command.1.tlog
D:\Git\NuGet_ProGet\DllRef\MyMath\MyDLL\Debug\mt.read.1.tlog
D:\Git\NuGet_ProGet\DllRef\MyMath\MyDLL\Debug\mt.write.1.tlog
D:\GIT\NUGET_PROGET\DLLREF\MYMATH\MYDLL\DEBUG\MYDLL.DLL.EMBED.MANIFEST
D:\GIT\NUGET_PROGET\DLLREF\MYMATH\MYDLL\DEBUG\MYDLL.DLL.EMBED.MANIFEST.RES
D:\GIT\NUGET_PROGET\DLLREF\MYMATH\MYDLL\DEBUG\MYDLL.DLL.INTERMEDIATE.MANIFEST
D:\GIT\NUGET_PROGET\DLLREF\MYMATH\MYDLL\DEBUG\MYDLL.OBJ
D:\GIT\NUGET_PROGET\DLLREF\MYMATH\MYDLL\DEBUG\MYDLL.PCH
D:\Git\NuGet_ProGet\DllRef\MyMath\MyDLL\Debug\MyDLL.write.1.tlog
D:\Git\NuGet_ProGet\DllRef\MyMath\MyDLL\Debug\MyDLL_manifest.rc
D:\Git\NuGet_ProGet\DllRef\MyMath\MyDLL\Debug\rc.command.1.tlog
D:\Git\NuGet_ProGet\DllRef\MyMath\MyDLL\Debug\rc.read.1.tlog
D:\Git\NuGet_ProGet\DllRef\MyMath\MyDLL\Debug\rc.write.1.tlog
D:\GIT\NUGET_PROGET\DLLREF\MYMATH\MYDLL\DEBUG\STDAFX.OBJ
D:\Git\NuGet_ProGet\DllRef\MyMath\MyDLL\Debug\vc100.idb
D:\GIT\NUGET_PROGET\DLLREF\MYMATH\MYDLL\DEBUG\VC100.PDB
